have_func: checking for mmap() in sys/mman.h... -------------------- yes

"gcc -o conftest -I/Users/dshorthouse/.rvm/rubies/ruby-1.9.2-p180/include/ruby-1.9.1/x86_64-darwin10.7.1 -I/Users/dshorthouse/.rvm/rubies/ruby-1.9.2-p180/include/ruby-1.9.1/ruby/backward -I/Users/dshorthouse/.rvm/rubies/ruby-1.9.2-p180/include/ruby-1.9.1 -I. -D_XOPEN_SOURCE -D_DARWIN_C_SOURCE    -O3 -ggdb -Wextra -Wno-unused-parameter -Wno-parentheses -Wpointer-arith -Wwrite-strings -Wno-missing-field-initializers -Wshorten-64-to-32 -Wno-long-long  -fno-common -pipe conftest.c  -L. -L/Users/dshorthouse/.rvm/rubies/ruby-1.9.2-p180/lib -L.      -lruby.1.9.1-static  -lpthread -ldl -lobjc "
checked program was:
/* begin */
1: #include "ruby.h"
2: 
3: int main() {return 0;}
/* end */

"gcc -o conftest -I/Users/dshorthouse/.rvm/rubies/ruby-1.9.2-p180/include/ruby-1.9.1/x86_64-darwin10.7.1 -I/Users/dshorthouse/.rvm/rubies/ruby-1.9.2-p180/include/ruby-1.9.1/ruby/backward -I/Users/dshorthouse/.rvm/rubies/ruby-1.9.2-p180/include/ruby-1.9.1 -I. -D_XOPEN_SOURCE -D_DARWIN_C_SOURCE    -O3 -ggdb -Wextra -Wno-unused-parameter -Wno-parentheses -Wpointer-arith -Wwrite-strings -Wno-missing-field-initializers -Wshorten-64-to-32 -Wno-long-long  -fno-common -pipe conftest.c  -L. -L/Users/dshorthouse/.rvm/rubies/ruby-1.9.2-p180/lib -L.      -lruby.1.9.1-static  -lpthread -ldl -lobjc "
checked program was:
/* begin */
1: #include "ruby.h"
2: 
3: #include <sys/mman.h>
4: 
5: /*top*/
6: int main() {return 0;}
7: int t() { void ((*volatile p)()); p = (void ((*)()))mmap; return 0; }
/* end */

--------------------

have_func: checking for munmap() in sys/mman.h... -------------------- yes

"gcc -o conftest -I/Users/dshorthouse/.rvm/rubies/ruby-1.9.2-p180/include/ruby-1.9.1/x86_64-darwin10.7.1 -I/Users/dshorthouse/.rvm/rubies/ruby-1.9.2-p180/include/ruby-1.9.1/ruby/backward -I/Users/dshorthouse/.rvm/rubies/ruby-1.9.2-p180/include/ruby-1.9.1 -I. -D_XOPEN_SOURCE -D_DARWIN_C_SOURCE    -O3 -ggdb -Wextra -Wno-unused-parameter -Wno-parentheses -Wpointer-arith -Wwrite-strings -Wno-missing-field-initializers -Wshorten-64-to-32 -Wno-long-long  -fno-common -pipe conftest.c  -L. -L/Users/dshorthouse/.rvm/rubies/ruby-1.9.2-p180/lib -L.      -lruby.1.9.1-static  -lpthread -ldl -lobjc "
checked program was:
/* begin */
1: #include "ruby.h"
2: 
3: #include <sys/mman.h>
4: 
5: /*top*/
6: int main() {return 0;}
7: int t() { void ((*volatile p)()); p = (void ((*)()))munmap; return 0; }
/* end */

--------------------

have_func: checking for mremap() in sys/mman.h... -------------------- no

"gcc -o conftest -I/Users/dshorthouse/.rvm/rubies/ruby-1.9.2-p180/include/ruby-1.9.1/x86_64-darwin10.7.1 -I/Users/dshorthouse/.rvm/rubies/ruby-1.9.2-p180/include/ruby-1.9.1/ruby/backward -I/Users/dshorthouse/.rvm/rubies/ruby-1.9.2-p180/include/ruby-1.9.1 -I. -D_XOPEN_SOURCE -D_DARWIN_C_SOURCE   -D_GNU_SOURCE   -O3 -ggdb -Wextra -Wno-unused-parameter -Wno-parentheses -Wpointer-arith -Wwrite-strings -Wno-missing-field-initializers -Wshorten-64-to-32 -Wno-long-long  -fno-common -pipe conftest.c  -L. -L/Users/dshorthouse/.rvm/rubies/ruby-1.9.2-p180/lib -L.      -lruby.1.9.1-static  -lpthread -ldl -lobjc "
conftest.c: In function ‘t’:
conftest.c:7: error: ‘mremap’ undeclared (first use in this function)
conftest.c:7: error: (Each undeclared identifier is reported only once
conftest.c:7: error: for each function it appears in.)
checked program was:
/* begin */
1: #include "ruby.h"
2: 
3: #include <sys/mman.h>
4: 
5: /*top*/
6: int main() {return 0;}
7: int t() { void ((*volatile p)()); p = (void ((*)()))mremap; return 0; }
/* end */

"gcc -o conftest -I/Users/dshorthouse/.rvm/rubies/ruby-1.9.2-p180/include/ruby-1.9.1/x86_64-darwin10.7.1 -I/Users/dshorthouse/.rvm/rubies/ruby-1.9.2-p180/include/ruby-1.9.1/ruby/backward -I/Users/dshorthouse/.rvm/rubies/ruby-1.9.2-p180/include/ruby-1.9.1 -I. -D_XOPEN_SOURCE -D_DARWIN_C_SOURCE   -D_GNU_SOURCE   -O3 -ggdb -Wextra -Wno-unused-parameter -Wno-parentheses -Wpointer-arith -Wwrite-strings -Wno-missing-field-initializers -Wshorten-64-to-32 -Wno-long-long  -fno-common -pipe conftest.c  -L. -L/Users/dshorthouse/.rvm/rubies/ruby-1.9.2-p180/lib -L.      -lruby.1.9.1-static  -lpthread -ldl -lobjc "
Undefined symbols for architecture x86_64:
  "_mremap", referenced from:
      _t in ccxIJ6Yq.o
ld: symbol(s) not found for architecture x86_64
collect2: ld returned 1 exit status
checked program was:
/* begin */
1: #include "ruby.h"
2: 
3: #include <sys/mman.h>
4: 
5: /*top*/
6: int main() {return 0;}
7: int t() { mremap(); return 0; }
/* end */

--------------------

have_func: checking for getpagesize() in unistd.h... -------------------- yes

"gcc -o conftest -I/Users/dshorthouse/.rvm/rubies/ruby-1.9.2-p180/include/ruby-1.9.1/x86_64-darwin10.7.1 -I/Users/dshorthouse/.rvm/rubies/ruby-1.9.2-p180/include/ruby-1.9.1/ruby/backward -I/Users/dshorthouse/.rvm/rubies/ruby-1.9.2-p180/include/ruby-1.9.1 -I. -D_XOPEN_SOURCE -D_DARWIN_C_SOURCE   -D_GNU_SOURCE  -D_BSD_SOURCE   -O3 -ggdb -Wextra -Wno-unused-parameter -Wno-parentheses -Wpointer-arith -Wwrite-strings -Wno-missing-field-initializers -Wshorten-64-to-32 -Wno-long-long  -fno-common -pipe conftest.c  -L. -L/Users/dshorthouse/.rvm/rubies/ruby-1.9.2-p180/lib -L.      -lruby.1.9.1-static  -lpthread -ldl -lobjc "
checked program was:
/* begin */
1: #include "ruby.h"
2: 
3: #include <unistd.h>
4: 
5: /*top*/
6: int main() {return 0;}
7: int t() { void ((*volatile p)()); p = (void ((*)()))getpagesize; return 0; }
/* end */

--------------------

have_func: checking for rb_thread_blocking_region()... -------------------- yes

"gcc -o conftest -I/Users/dshorthouse/.rvm/rubies/ruby-1.9.2-p180/include/ruby-1.9.1/x86_64-darwin10.7.1 -I/Users/dshorthouse/.rvm/rubies/ruby-1.9.2-p180/include/ruby-1.9.1/ruby/backward -I/Users/dshorthouse/.rvm/rubies/ruby-1.9.2-p180/include/ruby-1.9.1 -I. -D_XOPEN_SOURCE -D_DARWIN_C_SOURCE   -D_GNU_SOURCE  -D_BSD_SOURCE   -O3 -ggdb -Wextra -Wno-unused-parameter -Wno-parentheses -Wpointer-arith -Wwrite-strings -Wno-missing-field-initializers -Wshorten-64-to-32 -Wno-long-long  -fno-common -pipe conftest.c  -L. -L/Users/dshorthouse/.rvm/rubies/ruby-1.9.2-p180/lib -L.      -lruby.1.9.1-static  -lpthread -ldl -lobjc "
checked program was:
/* begin */
1: #include "ruby.h"
2: 
3: /*top*/
4: int main() {return 0;}
5: int t() { void ((*volatile p)()); p = (void ((*)()))rb_thread_blocking_region; return 0; }
/* end */

--------------------

have_func: checking for rb_thread_io_blocking_region()... -------------------- no

"gcc -o conftest -I/Users/dshorthouse/.rvm/rubies/ruby-1.9.2-p180/include/ruby-1.9.1/x86_64-darwin10.7.1 -I/Users/dshorthouse/.rvm/rubies/ruby-1.9.2-p180/include/ruby-1.9.1/ruby/backward -I/Users/dshorthouse/.rvm/rubies/ruby-1.9.2-p180/include/ruby-1.9.1 -I. -D_XOPEN_SOURCE -D_DARWIN_C_SOURCE   -D_GNU_SOURCE  -D_BSD_SOURCE   -O3 -ggdb -Wextra -Wno-unused-parameter -Wno-parentheses -Wpointer-arith -Wwrite-strings -Wno-missing-field-initializers -Wshorten-64-to-32 -Wno-long-long  -fno-common -pipe conftest.c  -L. -L/Users/dshorthouse/.rvm/rubies/ruby-1.9.2-p180/lib -L.      -lruby.1.9.1-static  -lpthread -ldl -lobjc "
conftest.c: In function ‘t’:
conftest.c:5: error: ‘rb_thread_io_blocking_region’ undeclared (first use in this function)
conftest.c:5: error: (Each undeclared identifier is reported only once
conftest.c:5: error: for each function it appears in.)
checked program was:
/* begin */
1: #include "ruby.h"
2: 
3: /*top*/
4: int main() {return 0;}
5: int t() { void ((*volatile p)()); p = (void ((*)()))rb_thread_io_blocking_region; return 0; }
/* end */

"gcc -o conftest -I/Users/dshorthouse/.rvm/rubies/ruby-1.9.2-p180/include/ruby-1.9.1/x86_64-darwin10.7.1 -I/Users/dshorthouse/.rvm/rubies/ruby-1.9.2-p180/include/ruby-1.9.1/ruby/backward -I/Users/dshorthouse/.rvm/rubies/ruby-1.9.2-p180/include/ruby-1.9.1 -I. -D_XOPEN_SOURCE -D_DARWIN_C_SOURCE   -D_GNU_SOURCE  -D_BSD_SOURCE   -O3 -ggdb -Wextra -Wno-unused-parameter -Wno-parentheses -Wpointer-arith -Wwrite-strings -Wno-missing-field-initializers -Wshorten-64-to-32 -Wno-long-long  -fno-common -pipe conftest.c  -L. -L/Users/dshorthouse/.rvm/rubies/ruby-1.9.2-p180/lib -L.      -lruby.1.9.1-static  -lpthread -ldl -lobjc "
Undefined symbols for architecture x86_64:
  "_rb_thread_io_blocking_region", referenced from:
      _t in ccEwp6Zd.o
ld: symbol(s) not found for architecture x86_64
collect2: ld returned 1 exit status
checked program was:
/* begin */
1: #include "ruby.h"
2: 
3: /*top*/
4: int main() {return 0;}
5: int t() { rb_thread_io_blocking_region(); return 0; }
/* end */

--------------------

checking for GCC 4+ atomic builtins... -------------------- yes

"gcc -o conftest -I/Users/dshorthouse/.rvm/rubies/ruby-1.9.2-p180/include/ruby-1.9.1/x86_64-darwin10.7.1 -I/Users/dshorthouse/.rvm/rubies/ruby-1.9.2-p180/include/ruby-1.9.1/ruby/backward -I/Users/dshorthouse/.rvm/rubies/ruby-1.9.2-p180/include/ruby-1.9.1 -I. -D_XOPEN_SOURCE -D_DARWIN_C_SOURCE   -D_GNU_SOURCE  -D_BSD_SOURCE   -O3 -ggdb -Wextra -Wno-unused-parameter -Wno-parentheses -Wpointer-arith -Wwrite-strings -Wno-missing-field-initializers -Wshorten-64-to-32 -Wno-long-long  -fno-common -pipe conftest.c  -L. -L/Users/dshorthouse/.rvm/rubies/ruby-1.9.2-p180/lib -L.      -lruby.1.9.1-static  -lpthread -ldl -lobjc "
checked program was:
/* begin */
1: #include "ruby.h"
2: 
3: int main(int argc, char * const argv[]) {
4:         volatile unsigned long i = 0;
5:         __sync_add_and_fetch(&i, argc);
6:         __sync_sub_and_fetch(&i, argc);
7:         return 0;
8: }
/* end */

./conftest
--------------------

