have_macro: checking for CLOCK_MONOTONIC in time.h... -------------------- no

"gcc -o conftest -I/Users/dshorthouse/.rvm/rubies/ruby-1.9.2-p180/include/ruby-1.9.1/x86_64-darwin10.7.1 -I/Users/dshorthouse/.rvm/rubies/ruby-1.9.2-p180/include/ruby-1.9.1/ruby/backward -I/Users/dshorthouse/.rvm/rubies/ruby-1.9.2-p180/include/ruby-1.9.1 -I. -D_XOPEN_SOURCE -D_DARWIN_C_SOURCE   -D_GNU_SOURCE -DPOSIX_C_SOURCE=1-D_POSIX_C_SOURCE=200112L  -O3 -ggdb -Wextra -Wno-unused-parameter -Wno-parentheses -Wpointer-arith -Wwrite-strings -Wno-missing-field-initializers -Wshorten-64-to-32 -Wno-long-long  -fno-common -pipe conftest.c  -L. -L/Users/dshorthouse/.rvm/rubies/ruby-1.9.2-p180/lib -L.      -lruby.1.9.1-static  -lpthread -ldl -lobjc "
checked program was:
/* begin */
1: #include "ruby.h"
2: 
3: int main() {return 0;}
/* end */

"gcc -I/Users/dshorthouse/.rvm/rubies/ruby-1.9.2-p180/include/ruby-1.9.1/x86_64-darwin10.7.1 -I/Users/dshorthouse/.rvm/rubies/ruby-1.9.2-p180/include/ruby-1.9.1/ruby/backward -I/Users/dshorthouse/.rvm/rubies/ruby-1.9.2-p180/include/ruby-1.9.1 -I. -D_XOPEN_SOURCE -D_DARWIN_C_SOURCE   -D_GNU_SOURCE -DPOSIX_C_SOURCE=1-D_POSIX_C_SOURCE=200112L  -O3 -ggdb -Wextra -Wno-unused-parameter -Wno-parentheses -Wpointer-arith -Wwrite-strings -Wno-missing-field-initializers -Wshorten-64-to-32 -Wno-long-long  -fno-common -pipe   -c conftest.c"
conftest.c:6:3: error: #error 
conftest.c:7: error: expected identifier or ‘(’ before ‘>>’ token
checked program was:
/* begin */
1: #include "ruby.h"
2: 
3: #include <time.h>
4: /*top*/
5: #ifndef CLOCK_MONOTONIC
6: # error
7: >>>>>> CLOCK_MONOTONIC undefined <<<<<<
8: #endif
/* end */

--------------------

have_func: checking for CLOCK_MONOTONIC() in time.h... -------------------- no

"gcc -o conftest -I/Users/dshorthouse/.rvm/rubies/ruby-1.9.2-p180/include/ruby-1.9.1/x86_64-darwin10.7.1 -I/Users/dshorthouse/.rvm/rubies/ruby-1.9.2-p180/include/ruby-1.9.1/ruby/backward -I/Users/dshorthouse/.rvm/rubies/ruby-1.9.2-p180/include/ruby-1.9.1 -I. -D_XOPEN_SOURCE -D_DARWIN_C_SOURCE   -D_GNU_SOURCE -DPOSIX_C_SOURCE=1-D_POSIX_C_SOURCE=200112L  -O3 -ggdb -Wextra -Wno-unused-parameter -Wno-parentheses -Wpointer-arith -Wwrite-strings -Wno-missing-field-initializers -Wshorten-64-to-32 -Wno-long-long  -fno-common -pipe conftest.c  -L. -L/Users/dshorthouse/.rvm/rubies/ruby-1.9.2-p180/lib -L.      -lruby.1.9.1-static  -lpthread -ldl -lobjc "
conftest.c: In function ‘t’:
conftest.c:7: error: ‘CLOCK_MONOTONIC’ undeclared (first use in this function)
conftest.c:7: error: (Each undeclared identifier is reported only once
conftest.c:7: error: for each function it appears in.)
checked program was:
/* begin */
1: #include "ruby.h"
2: 
3: #include <time.h>
4: 
5: /*top*/
6: int main() {return 0;}
7: int t() { void ((*volatile p)()); p = (void ((*)()))CLOCK_MONOTONIC; return 0; }
/* end */

"gcc -o conftest -I/Users/dshorthouse/.rvm/rubies/ruby-1.9.2-p180/include/ruby-1.9.1/x86_64-darwin10.7.1 -I/Users/dshorthouse/.rvm/rubies/ruby-1.9.2-p180/include/ruby-1.9.1/ruby/backward -I/Users/dshorthouse/.rvm/rubies/ruby-1.9.2-p180/include/ruby-1.9.1 -I. -D_XOPEN_SOURCE -D_DARWIN_C_SOURCE   -D_GNU_SOURCE -DPOSIX_C_SOURCE=1-D_POSIX_C_SOURCE=200112L  -O3 -ggdb -Wextra -Wno-unused-parameter -Wno-parentheses -Wpointer-arith -Wwrite-strings -Wno-missing-field-initializers -Wshorten-64-to-32 -Wno-long-long  -fno-common -pipe conftest.c  -L. -L/Users/dshorthouse/.rvm/rubies/ruby-1.9.2-p180/lib -L.      -lruby.1.9.1-static  -lpthread -ldl -lobjc "
Undefined symbols for architecture x86_64:
  "_CLOCK_MONOTONIC", referenced from:
      _t in cc0EXikn.o
ld: symbol(s) not found for architecture x86_64
collect2: ld returned 1 exit status
checked program was:
/* begin */
1: #include "ruby.h"
2: 
3: #include <time.h>
4: 
5: /*top*/
6: int main() {return 0;}
7: int t() { CLOCK_MONOTONIC(); return 0; }
/* end */

--------------------

have_type: checking for clockid_t in time.h... -------------------- no

"gcc -I/Users/dshorthouse/.rvm/rubies/ruby-1.9.2-p180/include/ruby-1.9.1/x86_64-darwin10.7.1 -I/Users/dshorthouse/.rvm/rubies/ruby-1.9.2-p180/include/ruby-1.9.1/ruby/backward -I/Users/dshorthouse/.rvm/rubies/ruby-1.9.2-p180/include/ruby-1.9.1 -I. -D_XOPEN_SOURCE -D_DARWIN_C_SOURCE   -D_GNU_SOURCE -DPOSIX_C_SOURCE=1-D_POSIX_C_SOURCE=200112L  -O3 -ggdb -Wextra -Wno-unused-parameter -Wno-parentheses -Wpointer-arith -Wwrite-strings -Wno-missing-field-initializers -Wshorten-64-to-32 -Wno-long-long  -fno-common -pipe   -c conftest.c"
conftest.c:6: error: expected ‘=’, ‘,’, ‘;’, ‘asm’ or ‘__attribute__’ before ‘conftest_type’
conftest.c:7: error: ‘conftest_type’ undeclared here (not in a function)
checked program was:
/* begin */
1: #include "ruby.h"
2: 
3: #include <time.h>
4: 
5: /*top*/
6: typedef clockid_t conftest_type;
7: int conftestval[sizeof(conftest_type)?1:-1];
/* end */

--------------------

have_library: checking for clock_gettime() in -lrt... -------------------- no

"gcc -o conftest -I/Users/dshorthouse/.rvm/rubies/ruby-1.9.2-p180/include/ruby-1.9.1/x86_64-darwin10.7.1 -I/Users/dshorthouse/.rvm/rubies/ruby-1.9.2-p180/include/ruby-1.9.1/ruby/backward -I/Users/dshorthouse/.rvm/rubies/ruby-1.9.2-p180/include/ruby-1.9.1 -I. -D_XOPEN_SOURCE -D_DARWIN_C_SOURCE   -D_GNU_SOURCE -DPOSIX_C_SOURCE=1-D_POSIX_C_SOURCE=200112L  -O3 -ggdb -Wextra -Wno-unused-parameter -Wno-parentheses -Wpointer-arith -Wwrite-strings -Wno-missing-field-initializers -Wshorten-64-to-32 -Wno-long-long  -fno-common -pipe conftest.c  -L. -L/Users/dshorthouse/.rvm/rubies/ruby-1.9.2-p180/lib -L.      -lruby.1.9.1-static -lrt  -lpthread -ldl -lobjc "
conftest.c: In function ‘t’:
conftest.c:7: error: ‘clock_gettime’ undeclared (first use in this function)
conftest.c:7: error: (Each undeclared identifier is reported only once
conftest.c:7: error: for each function it appears in.)
checked program was:
/* begin */
1: #include "ruby.h"
2: 
3: #include <time.h>
4: 
5: /*top*/
6: int main() {return 0;}
7: int t() { void ((*volatile p)()); p = (void ((*)()))clock_gettime; return 0; }
/* end */

"gcc -o conftest -I/Users/dshorthouse/.rvm/rubies/ruby-1.9.2-p180/include/ruby-1.9.1/x86_64-darwin10.7.1 -I/Users/dshorthouse/.rvm/rubies/ruby-1.9.2-p180/include/ruby-1.9.1/ruby/backward -I/Users/dshorthouse/.rvm/rubies/ruby-1.9.2-p180/include/ruby-1.9.1 -I. -D_XOPEN_SOURCE -D_DARWIN_C_SOURCE   -D_GNU_SOURCE -DPOSIX_C_SOURCE=1-D_POSIX_C_SOURCE=200112L  -O3 -ggdb -Wextra -Wno-unused-parameter -Wno-parentheses -Wpointer-arith -Wwrite-strings -Wno-missing-field-initializers -Wshorten-64-to-32 -Wno-long-long  -fno-common -pipe conftest.c  -L. -L/Users/dshorthouse/.rvm/rubies/ruby-1.9.2-p180/lib -L.      -lruby.1.9.1-static -lrt  -lpthread -ldl -lobjc "
ld: library not found for -lrt
collect2: ld returned 1 exit status
checked program was:
/* begin */
1: #include "ruby.h"
2: 
3: #include <time.h>
4: 
5: /*top*/
6: int main() {return 0;}
7: int t() { clock_gettime(); return 0; }
/* end */

--------------------

have_library: checking for t_open() in -lnsl... -------------------- no

"gcc -o conftest -I/Users/dshorthouse/.rvm/rubies/ruby-1.9.2-p180/include/ruby-1.9.1/x86_64-darwin10.7.1 -I/Users/dshorthouse/.rvm/rubies/ruby-1.9.2-p180/include/ruby-1.9.1/ruby/backward -I/Users/dshorthouse/.rvm/rubies/ruby-1.9.2-p180/include/ruby-1.9.1 -I. -D_XOPEN_SOURCE -D_DARWIN_C_SOURCE   -D_GNU_SOURCE -DPOSIX_C_SOURCE=1-D_POSIX_C_SOURCE=200112L  -O3 -ggdb -Wextra -Wno-unused-parameter -Wno-parentheses -Wpointer-arith -Wwrite-strings -Wno-missing-field-initializers -Wshorten-64-to-32 -Wno-long-long  -fno-common -pipe conftest.c  -L. -L/Users/dshorthouse/.rvm/rubies/ruby-1.9.2-p180/lib -L.      -lruby.1.9.1-static -lnsl  -lpthread -ldl -lobjc "
conftest.c: In function ‘t’:
conftest.c:5: error: ‘t_open’ undeclared (first use in this function)
conftest.c:5: error: (Each undeclared identifier is reported only once
conftest.c:5: error: for each function it appears in.)
checked program was:
/* begin */
1: #include "ruby.h"
2: 
3: /*top*/
4: int main() {return 0;}
5: int t() { void ((*volatile p)()); p = (void ((*)()))t_open; return 0; }
/* end */

"gcc -o conftest -I/Users/dshorthouse/.rvm/rubies/ruby-1.9.2-p180/include/ruby-1.9.1/x86_64-darwin10.7.1 -I/Users/dshorthouse/.rvm/rubies/ruby-1.9.2-p180/include/ruby-1.9.1/ruby/backward -I/Users/dshorthouse/.rvm/rubies/ruby-1.9.2-p180/include/ruby-1.9.1 -I. -D_XOPEN_SOURCE -D_DARWIN_C_SOURCE   -D_GNU_SOURCE -DPOSIX_C_SOURCE=1-D_POSIX_C_SOURCE=200112L  -O3 -ggdb -Wextra -Wno-unused-parameter -Wno-parentheses -Wpointer-arith -Wwrite-strings -Wno-missing-field-initializers -Wshorten-64-to-32 -Wno-long-long  -fno-common -pipe conftest.c  -L. -L/Users/dshorthouse/.rvm/rubies/ruby-1.9.2-p180/lib -L.      -lruby.1.9.1-static -lnsl  -lpthread -ldl -lobjc "
ld: library not found for -lnsl
collect2: ld returned 1 exit status
checked program was:
/* begin */
1: #include "ruby.h"
2: 
3: /*top*/
4: int main() {return 0;}
5: int t() { t_open(); return 0; }
/* end */

--------------------

have_library: checking for socket() in -lsocket... -------------------- no

"gcc -o conftest -I/Users/dshorthouse/.rvm/rubies/ruby-1.9.2-p180/include/ruby-1.9.1/x86_64-darwin10.7.1 -I/Users/dshorthouse/.rvm/rubies/ruby-1.9.2-p180/include/ruby-1.9.1/ruby/backward -I/Users/dshorthouse/.rvm/rubies/ruby-1.9.2-p180/include/ruby-1.9.1 -I. -D_XOPEN_SOURCE -D_DARWIN_C_SOURCE   -D_GNU_SOURCE -DPOSIX_C_SOURCE=1-D_POSIX_C_SOURCE=200112L  -O3 -ggdb -Wextra -Wno-unused-parameter -Wno-parentheses -Wpointer-arith -Wwrite-strings -Wno-missing-field-initializers -Wshorten-64-to-32 -Wno-long-long  -fno-common -pipe conftest.c  -L. -L/Users/dshorthouse/.rvm/rubies/ruby-1.9.2-p180/lib -L.      -lruby.1.9.1-static -lsocket  -lpthread -ldl -lobjc "
conftest.c: In function ‘t’:
conftest.c:5: error: ‘socket’ undeclared (first use in this function)
conftest.c:5: error: (Each undeclared identifier is reported only once
conftest.c:5: error: for each function it appears in.)
checked program was:
/* begin */
1: #include "ruby.h"
2: 
3: /*top*/
4: int main() {return 0;}
5: int t() { void ((*volatile p)()); p = (void ((*)()))socket; return 0; }
/* end */

"gcc -o conftest -I/Users/dshorthouse/.rvm/rubies/ruby-1.9.2-p180/include/ruby-1.9.1/x86_64-darwin10.7.1 -I/Users/dshorthouse/.rvm/rubies/ruby-1.9.2-p180/include/ruby-1.9.1/ruby/backward -I/Users/dshorthouse/.rvm/rubies/ruby-1.9.2-p180/include/ruby-1.9.1 -I. -D_XOPEN_SOURCE -D_DARWIN_C_SOURCE   -D_GNU_SOURCE -DPOSIX_C_SOURCE=1-D_POSIX_C_SOURCE=200112L  -O3 -ggdb -Wextra -Wno-unused-parameter -Wno-parentheses -Wpointer-arith -Wwrite-strings -Wno-missing-field-initializers -Wshorten-64-to-32 -Wno-long-long  -fno-common -pipe conftest.c  -L. -L/Users/dshorthouse/.rvm/rubies/ruby-1.9.2-p180/lib -L.      -lruby.1.9.1-static -lsocket  -lpthread -ldl -lobjc "
ld: library not found for -lsocket
collect2: ld returned 1 exit status
checked program was:
/* begin */
1: #include "ruby.h"
2: 
3: /*top*/
4: int main() {return 0;}
5: int t() { socket(); return 0; }
/* end */

--------------------

have_func: checking for poll() in poll.h... -------------------- yes

"gcc -o conftest -I/Users/dshorthouse/.rvm/rubies/ruby-1.9.2-p180/include/ruby-1.9.1/x86_64-darwin10.7.1 -I/Users/dshorthouse/.rvm/rubies/ruby-1.9.2-p180/include/ruby-1.9.1/ruby/backward -I/Users/dshorthouse/.rvm/rubies/ruby-1.9.2-p180/include/ruby-1.9.1 -I. -D_XOPEN_SOURCE -D_DARWIN_C_SOURCE   -D_GNU_SOURCE -DPOSIX_C_SOURCE=1-D_POSIX_C_SOURCE=200112L  -O3 -ggdb -Wextra -Wno-unused-parameter -Wno-parentheses -Wpointer-arith -Wwrite-strings -Wno-missing-field-initializers -Wshorten-64-to-32 -Wno-long-long  -fno-common -pipe conftest.c  -L. -L/Users/dshorthouse/.rvm/rubies/ruby-1.9.2-p180/lib -L.      -lruby.1.9.1-static  -lpthread -ldl -lobjc "
checked program was:
/* begin */
1: #include "ruby.h"
2: 
3: #include <poll.h>
4: 
5: /*top*/
6: int main() {return 0;}
7: int t() { void ((*volatile p)()); p = (void ((*)()))poll; return 0; }
/* end */

--------------------

have_func: checking for getaddrinfo() in sys/types.h,sys/socket.h,netdb.h... -------------------- yes

"gcc -o conftest -I/Users/dshorthouse/.rvm/rubies/ruby-1.9.2-p180/include/ruby-1.9.1/x86_64-darwin10.7.1 -I/Users/dshorthouse/.rvm/rubies/ruby-1.9.2-p180/include/ruby-1.9.1/ruby/backward -I/Users/dshorthouse/.rvm/rubies/ruby-1.9.2-p180/include/ruby-1.9.1 -I. -D_XOPEN_SOURCE -D_DARWIN_C_SOURCE   -D_GNU_SOURCE -DPOSIX_C_SOURCE=1-D_POSIX_C_SOURCE=200112L  -O3 -ggdb -Wextra -Wno-unused-parameter -Wno-parentheses -Wpointer-arith -Wwrite-strings -Wno-missing-field-initializers -Wshorten-64-to-32 -Wno-long-long  -fno-common -pipe conftest.c  -L. -L/Users/dshorthouse/.rvm/rubies/ruby-1.9.2-p180/lib -L.      -lruby.1.9.1-static  -lpthread -ldl -lobjc "
checked program was:
/* begin */
1: #include "ruby.h"
2: 
3: #include <sys/types.h>
4: #include <sys/socket.h>
5: #include <netdb.h>
6: 
7: /*top*/
8: int main() {return 0;}
9: int t() { void ((*volatile p)()); p = (void ((*)()))getaddrinfo; return 0; }
/* end */

--------------------

have_func: checking for getnameinfo() in sys/types.h,sys/socket.h,netdb.h... -------------------- yes

"gcc -o conftest -I/Users/dshorthouse/.rvm/rubies/ruby-1.9.2-p180/include/ruby-1.9.1/x86_64-darwin10.7.1 -I/Users/dshorthouse/.rvm/rubies/ruby-1.9.2-p180/include/ruby-1.9.1/ruby/backward -I/Users/dshorthouse/.rvm/rubies/ruby-1.9.2-p180/include/ruby-1.9.1 -I. -D_XOPEN_SOURCE -D_DARWIN_C_SOURCE   -D_GNU_SOURCE -DPOSIX_C_SOURCE=1-D_POSIX_C_SOURCE=200112L  -O3 -ggdb -Wextra -Wno-unused-parameter -Wno-parentheses -Wpointer-arith -Wwrite-strings -Wno-missing-field-initializers -Wshorten-64-to-32 -Wno-long-long  -fno-common -pipe conftest.c  -L. -L/Users/dshorthouse/.rvm/rubies/ruby-1.9.2-p180/lib -L.      -lruby.1.9.1-static  -lpthread -ldl -lobjc "
checked program was:
/* begin */
1: #include "ruby.h"
2: 
3: #include <sys/types.h>
4: #include <sys/socket.h>
5: #include <netdb.h>
6: 
7: /*top*/
8: int main() {return 0;}
9: int t() { void ((*volatile p)()); p = (void ((*)()))getnameinfo; return 0; }
/* end */

--------------------

have_type: checking for struct sockaddr_storage in sys/types.h,sys/socket.h... -------------------- yes

"gcc -I/Users/dshorthouse/.rvm/rubies/ruby-1.9.2-p180/include/ruby-1.9.1/x86_64-darwin10.7.1 -I/Users/dshorthouse/.rvm/rubies/ruby-1.9.2-p180/include/ruby-1.9.1/ruby/backward -I/Users/dshorthouse/.rvm/rubies/ruby-1.9.2-p180/include/ruby-1.9.1 -I. -D_XOPEN_SOURCE -D_DARWIN_C_SOURCE   -D_GNU_SOURCE -DPOSIX_C_SOURCE=1-D_POSIX_C_SOURCE=200112L  -O3 -ggdb -Wextra -Wno-unused-parameter -Wno-parentheses -Wpointer-arith -Wwrite-strings -Wno-missing-field-initializers -Wshorten-64-to-32 -Wno-long-long  -fno-common -pipe   -c conftest.c"
checked program was:
/* begin */
1: #include "ruby.h"
2: 
3: #include <sys/types.h>
4: #include <sys/socket.h>
5: 
6: /*top*/
7: typedef struct sockaddr_storage conftest_type;
8: int conftestval[sizeof(conftest_type)?1:-1];
/* end */

--------------------

have_func: checking for accept4() in sys/socket.h... -------------------- no

"gcc -o conftest -I/Users/dshorthouse/.rvm/rubies/ruby-1.9.2-p180/include/ruby-1.9.1/x86_64-darwin10.7.1 -I/Users/dshorthouse/.rvm/rubies/ruby-1.9.2-p180/include/ruby-1.9.1/ruby/backward -I/Users/dshorthouse/.rvm/rubies/ruby-1.9.2-p180/include/ruby-1.9.1 -I. -D_XOPEN_SOURCE -D_DARWIN_C_SOURCE   -D_GNU_SOURCE -DPOSIX_C_SOURCE=1-D_POSIX_C_SOURCE=200112L  -O3 -ggdb -Wextra -Wno-unused-parameter -Wno-parentheses -Wpointer-arith -Wwrite-strings -Wno-missing-field-initializers -Wshorten-64-to-32 -Wno-long-long  -fno-common -pipe conftest.c  -L. -L/Users/dshorthouse/.rvm/rubies/ruby-1.9.2-p180/lib -L.      -lruby.1.9.1-static  -lpthread -ldl -lobjc "
conftest.c: In function ‘t’:
conftest.c:7: error: ‘accept4’ undeclared (first use in this function)
conftest.c:7: error: (Each undeclared identifier is reported only once
conftest.c:7: error: for each function it appears in.)
checked program was:
/* begin */
1: #include "ruby.h"
2: 
3: #include <sys/socket.h>
4: 
5: /*top*/
6: int main() {return 0;}
7: int t() { void ((*volatile p)()); p = (void ((*)()))accept4; return 0; }
/* end */

"gcc -o conftest -I/Users/dshorthouse/.rvm/rubies/ruby-1.9.2-p180/include/ruby-1.9.1/x86_64-darwin10.7.1 -I/Users/dshorthouse/.rvm/rubies/ruby-1.9.2-p180/include/ruby-1.9.1/ruby/backward -I/Users/dshorthouse/.rvm/rubies/ruby-1.9.2-p180/include/ruby-1.9.1 -I. -D_XOPEN_SOURCE -D_DARWIN_C_SOURCE   -D_GNU_SOURCE -DPOSIX_C_SOURCE=1-D_POSIX_C_SOURCE=200112L  -O3 -ggdb -Wextra -Wno-unused-parameter -Wno-parentheses -Wpointer-arith -Wwrite-strings -Wno-missing-field-initializers -Wshorten-64-to-32 -Wno-long-long  -fno-common -pipe conftest.c  -L. -L/Users/dshorthouse/.rvm/rubies/ruby-1.9.2-p180/lib -L.      -lruby.1.9.1-static  -lpthread -ldl -lobjc "
Undefined symbols for architecture x86_64:
  "_accept4", referenced from:
      _t in cc9lCfMu.o
ld: symbol(s) not found for architecture x86_64
collect2: ld returned 1 exit status
checked program was:
/* begin */
1: #include "ruby.h"
2: 
3: #include <sys/socket.h>
4: 
5: /*top*/
6: int main() {return 0;}
7: int t() { accept4(); return 0; }
/* end */

--------------------

have_header: checking for sys/select.h... -------------------- yes

"gcc -E -I/Users/dshorthouse/.rvm/rubies/ruby-1.9.2-p180/include/ruby-1.9.1/x86_64-darwin10.7.1 -I/Users/dshorthouse/.rvm/rubies/ruby-1.9.2-p180/include/ruby-1.9.1/ruby/backward -I/Users/dshorthouse/.rvm/rubies/ruby-1.9.2-p180/include/ruby-1.9.1 -I. -D_XOPEN_SOURCE -D_DARWIN_C_SOURCE   -D_GNU_SOURCE -DPOSIX_C_SOURCE=1-D_POSIX_C_SOURCE=200112L  -O3 -ggdb -Wextra -Wno-unused-parameter -Wno-parentheses -Wpointer-arith -Wwrite-strings -Wno-missing-field-initializers -Wshorten-64-to-32 -Wno-long-long  -fno-common -pipe  conftest.c -o conftest.i"
checked program was:
/* begin */
1: #include "ruby.h"
2: 
3: #include <sys/select.h>
/* end */

--------------------

have_header: checking for ruby/io.h... -------------------- yes

"gcc -E -I/Users/dshorthouse/.rvm/rubies/ruby-1.9.2-p180/include/ruby-1.9.1/x86_64-darwin10.7.1 -I/Users/dshorthouse/.rvm/rubies/ruby-1.9.2-p180/include/ruby-1.9.1/ruby/backward -I/Users/dshorthouse/.rvm/rubies/ruby-1.9.2-p180/include/ruby-1.9.1 -I. -D_XOPEN_SOURCE -D_DARWIN_C_SOURCE   -D_GNU_SOURCE -DPOSIX_C_SOURCE=1-D_POSIX_C_SOURCE=200112L  -O3 -ggdb -Wextra -Wno-unused-parameter -Wno-parentheses -Wpointer-arith -Wwrite-strings -Wno-missing-field-initializers -Wshorten-64-to-32 -Wno-long-long  -fno-common -pipe  conftest.c -o conftest.i"
checked program was:
/* begin */
1: #include "ruby.h"
2: 
3: #include <ruby/io.h>
/* end */

--------------------

have_struct_member: checking for rb_io_t.fd in ruby.h,ruby/io.h... -------------------- yes

"gcc -I/Users/dshorthouse/.rvm/rubies/ruby-1.9.2-p180/include/ruby-1.9.1/x86_64-darwin10.7.1 -I/Users/dshorthouse/.rvm/rubies/ruby-1.9.2-p180/include/ruby-1.9.1/ruby/backward -I/Users/dshorthouse/.rvm/rubies/ruby-1.9.2-p180/include/ruby-1.9.1 -I. -D_XOPEN_SOURCE -D_DARWIN_C_SOURCE   -D_GNU_SOURCE -DPOSIX_C_SOURCE=1-D_POSIX_C_SOURCE=200112L  -O3 -ggdb -Wextra -Wno-unused-parameter -Wno-parentheses -Wpointer-arith -Wwrite-strings -Wno-missing-field-initializers -Wshorten-64-to-32 -Wno-long-long  -fno-common -pipe   -c conftest.c"
checked program was:
/* begin */
1: #include "ruby.h"
2: 
3: #include <ruby.h>
4: #include <ruby/io.h>
5: 
6: /*top*/
7: int main() {return 0;}
8: int s = (char *)&((rb_io_t*)0)->fd - (char *)0;
/* end */

--------------------

have_struct_member: checking for rb_io_t.mode in ruby.h,ruby/io.h... -------------------- yes

"gcc -I/Users/dshorthouse/.rvm/rubies/ruby-1.9.2-p180/include/ruby-1.9.1/x86_64-darwin10.7.1 -I/Users/dshorthouse/.rvm/rubies/ruby-1.9.2-p180/include/ruby-1.9.1/ruby/backward -I/Users/dshorthouse/.rvm/rubies/ruby-1.9.2-p180/include/ruby-1.9.1 -I. -D_XOPEN_SOURCE -D_DARWIN_C_SOURCE   -D_GNU_SOURCE -DPOSIX_C_SOURCE=1-D_POSIX_C_SOURCE=200112L  -O3 -ggdb -Wextra -Wno-unused-parameter -Wno-parentheses -Wpointer-arith -Wwrite-strings -Wno-missing-field-initializers -Wshorten-64-to-32 -Wno-long-long  -fno-common -pipe   -c conftest.c"
checked program was:
/* begin */
1: #include "ruby.h"
2: 
3: #include <ruby.h>
4: #include <ruby/io.h>
5: 
6: /*top*/
7: int main() {return 0;}
8: int s = (char *)&((rb_io_t*)0)->mode - (char *)0;
/* end */

--------------------

have_struct_member: checking for rb_io_t.pathv in ruby.h,ruby/io.h... -------------------- yes

"gcc -I/Users/dshorthouse/.rvm/rubies/ruby-1.9.2-p180/include/ruby-1.9.1/x86_64-darwin10.7.1 -I/Users/dshorthouse/.rvm/rubies/ruby-1.9.2-p180/include/ruby-1.9.1/ruby/backward -I/Users/dshorthouse/.rvm/rubies/ruby-1.9.2-p180/include/ruby-1.9.1 -I. -D_XOPEN_SOURCE -D_DARWIN_C_SOURCE   -D_GNU_SOURCE -DPOSIX_C_SOURCE=1-D_POSIX_C_SOURCE=200112L  -O3 -ggdb -Wextra -Wno-unused-parameter -Wno-parentheses -Wpointer-arith -Wwrite-strings -Wno-missing-field-initializers -Wshorten-64-to-32 -Wno-long-long  -fno-common -pipe   -c conftest.c"
checked program was:
/* begin */
1: #include "ruby.h"
2: 
3: #include <ruby.h>
4: #include <ruby/io.h>
5: 
6: /*top*/
7: int main() {return 0;}
8: int s = (char *)&((rb_io_t*)0)->pathv - (char *)0;
/* end */

--------------------

have_type: checking for struct RFile in ruby.h,ruby/io.h... -------------------- yes

"gcc -I/Users/dshorthouse/.rvm/rubies/ruby-1.9.2-p180/include/ruby-1.9.1/x86_64-darwin10.7.1 -I/Users/dshorthouse/.rvm/rubies/ruby-1.9.2-p180/include/ruby-1.9.1/ruby/backward -I/Users/dshorthouse/.rvm/rubies/ruby-1.9.2-p180/include/ruby-1.9.1 -I. -D_XOPEN_SOURCE -D_DARWIN_C_SOURCE   -D_GNU_SOURCE -DPOSIX_C_SOURCE=1-D_POSIX_C_SOURCE=200112L  -O3 -ggdb -Wextra -Wno-unused-parameter -Wno-parentheses -Wpointer-arith -Wwrite-strings -Wno-missing-field-initializers -Wshorten-64-to-32 -Wno-long-long  -fno-common -pipe   -c conftest.c"
checked program was:
/* begin */
1: #include "ruby.h"
2: 
3: #include <ruby.h>
4: #include <ruby/io.h>
5: 
6: /*top*/
7: typedef struct RFile conftest_type;
8: int conftestval[sizeof(conftest_type)?1:-1];
/* end */

--------------------

check_sizeof: checking size of struct RFile in ruby.h,ruby/io.h... -------------------- 24

"gcc -I/Users/dshorthouse/.rvm/rubies/ruby-1.9.2-p180/include/ruby-1.9.1/x86_64-darwin10.7.1 -I/Users/dshorthouse/.rvm/rubies/ruby-1.9.2-p180/include/ruby-1.9.1/ruby/backward -I/Users/dshorthouse/.rvm/rubies/ruby-1.9.2-p180/include/ruby-1.9.1 -I. -D_XOPEN_SOURCE -D_DARWIN_C_SOURCE   -D_GNU_SOURCE -DPOSIX_C_SOURCE=1-D_POSIX_C_SOURCE=200112L  -O3 -ggdb -Wextra -Wno-unused-parameter -Wno-parentheses -Wpointer-arith -Wwrite-strings -Wno-missing-field-initializers -Wshorten-64-to-32 -Wno-long-long  -fno-common -pipe   -c conftest.c"
conftest.c:9: error: size of array ‘conftest_const’ is negative
checked program was:
/* begin */
1: #include "ruby.h"
2: 
3: #include <ruby.h>
4: #include <ruby/io.h>
5: typedef struct RFile rbcv_typedef_;
6: static rbcv_typedef_ *rbcv_ptr_;
7: 
8: /*top*/
9: int conftest_const[(sizeof((*rbcv_ptr_)) == sizeof(int)) ? 1 : -1];
/* end */

"gcc -I/Users/dshorthouse/.rvm/rubies/ruby-1.9.2-p180/include/ruby-1.9.1/x86_64-darwin10.7.1 -I/Users/dshorthouse/.rvm/rubies/ruby-1.9.2-p180/include/ruby-1.9.1/ruby/backward -I/Users/dshorthouse/.rvm/rubies/ruby-1.9.2-p180/include/ruby-1.9.1 -I. -D_XOPEN_SOURCE -D_DARWIN_C_SOURCE   -D_GNU_SOURCE -DPOSIX_C_SOURCE=1-D_POSIX_C_SOURCE=200112L  -O3 -ggdb -Wextra -Wno-unused-parameter -Wno-parentheses -Wpointer-arith -Wwrite-strings -Wno-missing-field-initializers -Wshorten-64-to-32 -Wno-long-long  -fno-common -pipe   -c conftest.c"
conftest.c:9: error: size of array ‘conftest_const’ is negative
checked program was:
/* begin */
1: #include "ruby.h"
2: 
3: #include <ruby.h>
4: #include <ruby/io.h>
5: typedef struct RFile rbcv_typedef_;
6: static rbcv_typedef_ *rbcv_ptr_;
7: 
8: /*top*/
9: int conftest_const[(sizeof((*rbcv_ptr_)) == sizeof(short)) ? 1 : -1];
/* end */

"gcc -I/Users/dshorthouse/.rvm/rubies/ruby-1.9.2-p180/include/ruby-1.9.1/x86_64-darwin10.7.1 -I/Users/dshorthouse/.rvm/rubies/ruby-1.9.2-p180/include/ruby-1.9.1/ruby/backward -I/Users/dshorthouse/.rvm/rubies/ruby-1.9.2-p180/include/ruby-1.9.1 -I. -D_XOPEN_SOURCE -D_DARWIN_C_SOURCE   -D_GNU_SOURCE -DPOSIX_C_SOURCE=1-D_POSIX_C_SOURCE=200112L  -O3 -ggdb -Wextra -Wno-unused-parameter -Wno-parentheses -Wpointer-arith -Wwrite-strings -Wno-missing-field-initializers -Wshorten-64-to-32 -Wno-long-long  -fno-common -pipe   -c conftest.c"
conftest.c:9: error: size of array ‘conftest_const’ is negative
checked program was:
/* begin */
1: #include "ruby.h"
2: 
3: #include <ruby.h>
4: #include <ruby/io.h>
5: typedef struct RFile rbcv_typedef_;
6: static rbcv_typedef_ *rbcv_ptr_;
7: 
8: /*top*/
9: int conftest_const[(sizeof((*rbcv_ptr_)) == sizeof(long)) ? 1 : -1];
/* end */

"gcc -I/Users/dshorthouse/.rvm/rubies/ruby-1.9.2-p180/include/ruby-1.9.1/x86_64-darwin10.7.1 -I/Users/dshorthouse/.rvm/rubies/ruby-1.9.2-p180/include/ruby-1.9.1/ruby/backward -I/Users/dshorthouse/.rvm/rubies/ruby-1.9.2-p180/include/ruby-1.9.1 -I. -D_XOPEN_SOURCE -D_DARWIN_C_SOURCE   -D_GNU_SOURCE -DPOSIX_C_SOURCE=1-D_POSIX_C_SOURCE=200112L  -O3 -ggdb -Wextra -Wno-unused-parameter -Wno-parentheses -Wpointer-arith -Wwrite-strings -Wno-missing-field-initializers -Wshorten-64-to-32 -Wno-long-long  -fno-common -pipe   -c conftest.c"
conftest.c:9: error: size of array ‘conftest_const’ is negative
checked program was:
/* begin */
1: #include "ruby.h"
2: 
3: #include <ruby.h>
4: #include <ruby/io.h>
5: typedef struct RFile rbcv_typedef_;
6: static rbcv_typedef_ *rbcv_ptr_;
7: 
8: /*top*/
9: int conftest_const[(sizeof((*rbcv_ptr_)) == sizeof(long long)) ? 1 : -1];
/* end */

"gcc -o conftest -I/Users/dshorthouse/.rvm/rubies/ruby-1.9.2-p180/include/ruby-1.9.1/x86_64-darwin10.7.1 -I/Users/dshorthouse/.rvm/rubies/ruby-1.9.2-p180/include/ruby-1.9.1/ruby/backward -I/Users/dshorthouse/.rvm/rubies/ruby-1.9.2-p180/include/ruby-1.9.1 -I. -D_XOPEN_SOURCE -D_DARWIN_C_SOURCE   -D_GNU_SOURCE -DPOSIX_C_SOURCE=1-D_POSIX_C_SOURCE=200112L  -O3 -ggdb -Wextra -Wno-unused-parameter -Wno-parentheses -Wpointer-arith -Wwrite-strings -Wno-missing-field-initializers -Wshorten-64-to-32 -Wno-long-long  -fno-common -pipe conftest.c  -L. -L/Users/dshorthouse/.rvm/rubies/ruby-1.9.2-p180/lib -L.      -lruby.1.9.1-static  -lpthread -ldl -lobjc "
checked program was:
/* begin */
 1: #include "ruby.h"
 2: 
 3: #include <ruby.h>
 4: #include <ruby/io.h>
 5: typedef struct RFile rbcv_typedef_;
 6: static rbcv_typedef_ *rbcv_ptr_;
 7: 
 8: #include <stdio.h>
 9: /*top*/
10: int conftest_const = (int)(sizeof((*rbcv_ptr_)));
11: int main() {printf("%d\n", conftest_const); return 0;}
/* end */

./conftest |
--------------------

have_type: checking for struct RObject... -------------------- yes

"gcc -I/Users/dshorthouse/.rvm/rubies/ruby-1.9.2-p180/include/ruby-1.9.1/x86_64-darwin10.7.1 -I/Users/dshorthouse/.rvm/rubies/ruby-1.9.2-p180/include/ruby-1.9.1/ruby/backward -I/Users/dshorthouse/.rvm/rubies/ruby-1.9.2-p180/include/ruby-1.9.1 -I. -D_XOPEN_SOURCE -D_DARWIN_C_SOURCE   -D_GNU_SOURCE -DPOSIX_C_SOURCE=1-D_POSIX_C_SOURCE=200112L  -O3 -ggdb -Wextra -Wno-unused-parameter -Wno-parentheses -Wpointer-arith -Wwrite-strings -Wno-missing-field-initializers -Wshorten-64-to-32 -Wno-long-long  -fno-common -pipe   -c conftest.c"
checked program was:
/* begin */
1: #include "ruby.h"
2: 
3: /*top*/
4: typedef struct RObject conftest_type;
5: int conftestval[sizeof(conftest_type)?1:-1];
/* end */

--------------------

check_sizeof: checking size of struct RObject... -------------------- 40

"gcc -I/Users/dshorthouse/.rvm/rubies/ruby-1.9.2-p180/include/ruby-1.9.1/x86_64-darwin10.7.1 -I/Users/dshorthouse/.rvm/rubies/ruby-1.9.2-p180/include/ruby-1.9.1/ruby/backward -I/Users/dshorthouse/.rvm/rubies/ruby-1.9.2-p180/include/ruby-1.9.1 -I. -D_XOPEN_SOURCE -D_DARWIN_C_SOURCE   -D_GNU_SOURCE -DPOSIX_C_SOURCE=1-D_POSIX_C_SOURCE=200112L  -O3 -ggdb -Wextra -Wno-unused-parameter -Wno-parentheses -Wpointer-arith -Wwrite-strings -Wno-missing-field-initializers -Wshorten-64-to-32 -Wno-long-long  -fno-common -pipe   -c conftest.c"
conftest.c:7: error: size of array ‘conftest_const’ is negative
checked program was:
/* begin */
1: #include "ruby.h"
2: 
3: typedef struct RObject rbcv_typedef_;
4: static rbcv_typedef_ *rbcv_ptr_;
5: 
6: /*top*/
7: int conftest_const[(sizeof((*rbcv_ptr_)) == sizeof(int)) ? 1 : -1];
/* end */

"gcc -I/Users/dshorthouse/.rvm/rubies/ruby-1.9.2-p180/include/ruby-1.9.1/x86_64-darwin10.7.1 -I/Users/dshorthouse/.rvm/rubies/ruby-1.9.2-p180/include/ruby-1.9.1/ruby/backward -I/Users/dshorthouse/.rvm/rubies/ruby-1.9.2-p180/include/ruby-1.9.1 -I. -D_XOPEN_SOURCE -D_DARWIN_C_SOURCE   -D_GNU_SOURCE -DPOSIX_C_SOURCE=1-D_POSIX_C_SOURCE=200112L  -O3 -ggdb -Wextra -Wno-unused-parameter -Wno-parentheses -Wpointer-arith -Wwrite-strings -Wno-missing-field-initializers -Wshorten-64-to-32 -Wno-long-long  -fno-common -pipe   -c conftest.c"
conftest.c:7: error: size of array ‘conftest_const’ is negative
checked program was:
/* begin */
1: #include "ruby.h"
2: 
3: typedef struct RObject rbcv_typedef_;
4: static rbcv_typedef_ *rbcv_ptr_;
5: 
6: /*top*/
7: int conftest_const[(sizeof((*rbcv_ptr_)) == sizeof(short)) ? 1 : -1];
/* end */

"gcc -I/Users/dshorthouse/.rvm/rubies/ruby-1.9.2-p180/include/ruby-1.9.1/x86_64-darwin10.7.1 -I/Users/dshorthouse/.rvm/rubies/ruby-1.9.2-p180/include/ruby-1.9.1/ruby/backward -I/Users/dshorthouse/.rvm/rubies/ruby-1.9.2-p180/include/ruby-1.9.1 -I. -D_XOPEN_SOURCE -D_DARWIN_C_SOURCE   -D_GNU_SOURCE -DPOSIX_C_SOURCE=1-D_POSIX_C_SOURCE=200112L  -O3 -ggdb -Wextra -Wno-unused-parameter -Wno-parentheses -Wpointer-arith -Wwrite-strings -Wno-missing-field-initializers -Wshorten-64-to-32 -Wno-long-long  -fno-common -pipe   -c conftest.c"
conftest.c:7: error: size of array ‘conftest_const’ is negative
checked program was:
/* begin */
1: #include "ruby.h"
2: 
3: typedef struct RObject rbcv_typedef_;
4: static rbcv_typedef_ *rbcv_ptr_;
5: 
6: /*top*/
7: int conftest_const[(sizeof((*rbcv_ptr_)) == sizeof(long)) ? 1 : -1];
/* end */

"gcc -I/Users/dshorthouse/.rvm/rubies/ruby-1.9.2-p180/include/ruby-1.9.1/x86_64-darwin10.7.1 -I/Users/dshorthouse/.rvm/rubies/ruby-1.9.2-p180/include/ruby-1.9.1/ruby/backward -I/Users/dshorthouse/.rvm/rubies/ruby-1.9.2-p180/include/ruby-1.9.1 -I. -D_XOPEN_SOURCE -D_DARWIN_C_SOURCE   -D_GNU_SOURCE -DPOSIX_C_SOURCE=1-D_POSIX_C_SOURCE=200112L  -O3 -ggdb -Wextra -Wno-unused-parameter -Wno-parentheses -Wpointer-arith -Wwrite-strings -Wno-missing-field-initializers -Wshorten-64-to-32 -Wno-long-long  -fno-common -pipe   -c conftest.c"
conftest.c:7: error: size of array ‘conftest_const’ is negative
checked program was:
/* begin */
1: #include "ruby.h"
2: 
3: typedef struct RObject rbcv_typedef_;
4: static rbcv_typedef_ *rbcv_ptr_;
5: 
6: /*top*/
7: int conftest_const[(sizeof((*rbcv_ptr_)) == sizeof(long long)) ? 1 : -1];
/* end */

"gcc -o conftest -I/Users/dshorthouse/.rvm/rubies/ruby-1.9.2-p180/include/ruby-1.9.1/x86_64-darwin10.7.1 -I/Users/dshorthouse/.rvm/rubies/ruby-1.9.2-p180/include/ruby-1.9.1/ruby/backward -I/Users/dshorthouse/.rvm/rubies/ruby-1.9.2-p180/include/ruby-1.9.1 -I. -D_XOPEN_SOURCE -D_DARWIN_C_SOURCE   -D_GNU_SOURCE -DPOSIX_C_SOURCE=1-D_POSIX_C_SOURCE=200112L  -O3 -ggdb -Wextra -Wno-unused-parameter -Wno-parentheses -Wpointer-arith -Wwrite-strings -Wno-missing-field-initializers -Wshorten-64-to-32 -Wno-long-long  -fno-common -pipe conftest.c  -L. -L/Users/dshorthouse/.rvm/rubies/ruby-1.9.2-p180/lib -L.      -lruby.1.9.1-static  -lpthread -ldl -lobjc "
checked program was:
/* begin */
1: #include "ruby.h"
2: 
3: typedef struct RObject rbcv_typedef_;
4: static rbcv_typedef_ *rbcv_ptr_;
5: 
6: #include <stdio.h>
7: /*top*/
8: int conftest_const = (int)(sizeof((*rbcv_ptr_)));
9: int main() {printf("%d\n", conftest_const); return 0;}
/* end */

./conftest |
--------------------

check_sizeof: checking size of int... -------------------- int

--------------------

have_func: checking for rb_io_ascii8bit_binmode()... -------------------- yes

"gcc -o conftest -I/Users/dshorthouse/.rvm/rubies/ruby-1.9.2-p180/include/ruby-1.9.1/x86_64-darwin10.7.1 -I/Users/dshorthouse/.rvm/rubies/ruby-1.9.2-p180/include/ruby-1.9.1/ruby/backward -I/Users/dshorthouse/.rvm/rubies/ruby-1.9.2-p180/include/ruby-1.9.1 -I. -D_XOPEN_SOURCE -D_DARWIN_C_SOURCE   -D_GNU_SOURCE -DPOSIX_C_SOURCE=1-D_POSIX_C_SOURCE=200112L  -O3 -ggdb -Wextra -Wno-unused-parameter -Wno-parentheses -Wpointer-arith -Wwrite-strings -Wno-missing-field-initializers -Wshorten-64-to-32 -Wno-long-long  -fno-common -pipe conftest.c  -L. -L/Users/dshorthouse/.rvm/rubies/ruby-1.9.2-p180/lib -L.      -lruby.1.9.1-static  -lpthread -ldl -lobjc "
checked program was:
/* begin */
1: #include "ruby.h"
2: 
3: /*top*/
4: int main() {return 0;}
5: int t() { void ((*volatile p)()); p = (void ((*)()))rb_io_ascii8bit_binmode; return 0; }
/* end */

--------------------

have_func: checking for rb_thread_blocking_region()... -------------------- yes

"gcc -o conftest -I/Users/dshorthouse/.rvm/rubies/ruby-1.9.2-p180/include/ruby-1.9.1/x86_64-darwin10.7.1 -I/Users/dshorthouse/.rvm/rubies/ruby-1.9.2-p180/include/ruby-1.9.1/ruby/backward -I/Users/dshorthouse/.rvm/rubies/ruby-1.9.2-p180/include/ruby-1.9.1 -I. -D_XOPEN_SOURCE -D_DARWIN_C_SOURCE   -D_GNU_SOURCE -DPOSIX_C_SOURCE=1-D_POSIX_C_SOURCE=200112L  -O3 -ggdb -Wextra -Wno-unused-parameter -Wno-parentheses -Wpointer-arith -Wwrite-strings -Wno-missing-field-initializers -Wshorten-64-to-32 -Wno-long-long  -fno-common -pipe conftest.c  -L. -L/Users/dshorthouse/.rvm/rubies/ruby-1.9.2-p180/lib -L.      -lruby.1.9.1-static  -lpthread -ldl -lobjc "
checked program was:
/* begin */
1: #include "ruby.h"
2: 
3: /*top*/
4: int main() {return 0;}
5: int t() { void ((*volatile p)()); p = (void ((*)()))rb_thread_blocking_region; return 0; }
/* end */

--------------------

have_func: checking for rb_thread_io_blocking_region()... -------------------- no

"gcc -o conftest -I/Users/dshorthouse/.rvm/rubies/ruby-1.9.2-p180/include/ruby-1.9.1/x86_64-darwin10.7.1 -I/Users/dshorthouse/.rvm/rubies/ruby-1.9.2-p180/include/ruby-1.9.1/ruby/backward -I/Users/dshorthouse/.rvm/rubies/ruby-1.9.2-p180/include/ruby-1.9.1 -I. -D_XOPEN_SOURCE -D_DARWIN_C_SOURCE   -D_GNU_SOURCE -DPOSIX_C_SOURCE=1-D_POSIX_C_SOURCE=200112L  -O3 -ggdb -Wextra -Wno-unused-parameter -Wno-parentheses -Wpointer-arith -Wwrite-strings -Wno-missing-field-initializers -Wshorten-64-to-32 -Wno-long-long  -fno-common -pipe conftest.c  -L. -L/Users/dshorthouse/.rvm/rubies/ruby-1.9.2-p180/lib -L.      -lruby.1.9.1-static  -lpthread -ldl -lobjc "
conftest.c: In function ‘t’:
conftest.c:5: error: ‘rb_thread_io_blocking_region’ undeclared (first use in this function)
conftest.c:5: error: (Each undeclared identifier is reported only once
conftest.c:5: error: for each function it appears in.)
checked program was:
/* begin */
1: #include "ruby.h"
2: 
3: /*top*/
4: int main() {return 0;}
5: int t() { void ((*volatile p)()); p = (void ((*)()))rb_thread_io_blocking_region; return 0; }
/* end */

"gcc -o conftest -I/Users/dshorthouse/.rvm/rubies/ruby-1.9.2-p180/include/ruby-1.9.1/x86_64-darwin10.7.1 -I/Users/dshorthouse/.rvm/rubies/ruby-1.9.2-p180/include/ruby-1.9.1/ruby/backward -I/Users/dshorthouse/.rvm/rubies/ruby-1.9.2-p180/include/ruby-1.9.1 -I. -D_XOPEN_SOURCE -D_DARWIN_C_SOURCE   -D_GNU_SOURCE -DPOSIX_C_SOURCE=1-D_POSIX_C_SOURCE=200112L  -O3 -ggdb -Wextra -Wno-unused-parameter -Wno-parentheses -Wpointer-arith -Wwrite-strings -Wno-missing-field-initializers -Wshorten-64-to-32 -Wno-long-long  -fno-common -pipe conftest.c  -L. -L/Users/dshorthouse/.rvm/rubies/ruby-1.9.2-p180/lib -L.      -lruby.1.9.1-static  -lpthread -ldl -lobjc "
Undefined symbols for architecture x86_64:
  "_rb_thread_io_blocking_region", referenced from:
      _t in cck57LkB.o
ld: symbol(s) not found for architecture x86_64
collect2: ld returned 1 exit status
checked program was:
/* begin */
1: #include "ruby.h"
2: 
3: /*top*/
4: int main() {return 0;}
5: int t() { rb_thread_io_blocking_region(); return 0; }
/* end */

--------------------

have_func: checking for rb_str_set_len()... -------------------- yes

"gcc -o conftest -I/Users/dshorthouse/.rvm/rubies/ruby-1.9.2-p180/include/ruby-1.9.1/x86_64-darwin10.7.1 -I/Users/dshorthouse/.rvm/rubies/ruby-1.9.2-p180/include/ruby-1.9.1/ruby/backward -I/Users/dshorthouse/.rvm/rubies/ruby-1.9.2-p180/include/ruby-1.9.1 -I. -D_XOPEN_SOURCE -D_DARWIN_C_SOURCE   -D_GNU_SOURCE -DPOSIX_C_SOURCE=1-D_POSIX_C_SOURCE=200112L  -O3 -ggdb -Wextra -Wno-unused-parameter -Wno-parentheses -Wpointer-arith -Wwrite-strings -Wno-missing-field-initializers -Wshorten-64-to-32 -Wno-long-long  -fno-common -pipe conftest.c  -L. -L/Users/dshorthouse/.rvm/rubies/ruby-1.9.2-p180/lib -L.      -lruby.1.9.1-static  -lpthread -ldl -lobjc "
checked program was:
/* begin */
1: #include "ruby.h"
2: 
3: /*top*/
4: int main() {return 0;}
5: int t() { void ((*volatile p)()); p = (void ((*)()))rb_str_set_len; return 0; }
/* end */

--------------------

have_func: checking for rb_time_interval()... -------------------- yes

"gcc -o conftest -I/Users/dshorthouse/.rvm/rubies/ruby-1.9.2-p180/include/ruby-1.9.1/x86_64-darwin10.7.1 -I/Users/dshorthouse/.rvm/rubies/ruby-1.9.2-p180/include/ruby-1.9.1/ruby/backward -I/Users/dshorthouse/.rvm/rubies/ruby-1.9.2-p180/include/ruby-1.9.1 -I. -D_XOPEN_SOURCE -D_DARWIN_C_SOURCE   -D_GNU_SOURCE -DPOSIX_C_SOURCE=1-D_POSIX_C_SOURCE=200112L  -O3 -ggdb -Wextra -Wno-unused-parameter -Wno-parentheses -Wpointer-arith -Wwrite-strings -Wno-missing-field-initializers -Wshorten-64-to-32 -Wno-long-long  -fno-common -pipe conftest.c  -L. -L/Users/dshorthouse/.rvm/rubies/ruby-1.9.2-p180/lib -L.      -lruby.1.9.1-static  -lpthread -ldl -lobjc "
conftest.c: In function ‘t’:
conftest.c:5: error: ‘rb_time_interval’ undeclared (first use in this function)
conftest.c:5: error: (Each undeclared identifier is reported only once
conftest.c:5: error: for each function it appears in.)
checked program was:
/* begin */
1: #include "ruby.h"
2: 
3: /*top*/
4: int main() {return 0;}
5: int t() { void ((*volatile p)()); p = (void ((*)()))rb_time_interval; return 0; }
/* end */

"gcc -o conftest -I/Users/dshorthouse/.rvm/rubies/ruby-1.9.2-p180/include/ruby-1.9.1/x86_64-darwin10.7.1 -I/Users/dshorthouse/.rvm/rubies/ruby-1.9.2-p180/include/ruby-1.9.1/ruby/backward -I/Users/dshorthouse/.rvm/rubies/ruby-1.9.2-p180/include/ruby-1.9.1 -I. -D_XOPEN_SOURCE -D_DARWIN_C_SOURCE   -D_GNU_SOURCE -DPOSIX_C_SOURCE=1-D_POSIX_C_SOURCE=200112L  -O3 -ggdb -Wextra -Wno-unused-parameter -Wno-parentheses -Wpointer-arith -Wwrite-strings -Wno-missing-field-initializers -Wshorten-64-to-32 -Wno-long-long  -fno-common -pipe conftest.c  -L. -L/Users/dshorthouse/.rvm/rubies/ruby-1.9.2-p180/lib -L.      -lruby.1.9.1-static  -lpthread -ldl -lobjc "
checked program was:
/* begin */
1: #include "ruby.h"
2: 
3: /*top*/
4: int main() {return 0;}
5: int t() { rb_time_interval(); return 0; }
/* end */

--------------------

have_func: checking for rb_wait_for_single_fd()... -------------------- no

"gcc -o conftest -I/Users/dshorthouse/.rvm/rubies/ruby-1.9.2-p180/include/ruby-1.9.1/x86_64-darwin10.7.1 -I/Users/dshorthouse/.rvm/rubies/ruby-1.9.2-p180/include/ruby-1.9.1/ruby/backward -I/Users/dshorthouse/.rvm/rubies/ruby-1.9.2-p180/include/ruby-1.9.1 -I. -D_XOPEN_SOURCE -D_DARWIN_C_SOURCE   -D_GNU_SOURCE -DPOSIX_C_SOURCE=1-D_POSIX_C_SOURCE=200112L  -O3 -ggdb -Wextra -Wno-unused-parameter -Wno-parentheses -Wpointer-arith -Wwrite-strings -Wno-missing-field-initializers -Wshorten-64-to-32 -Wno-long-long  -fno-common -pipe conftest.c  -L. -L/Users/dshorthouse/.rvm/rubies/ruby-1.9.2-p180/lib -L.      -lruby.1.9.1-static  -lpthread -ldl -lobjc "
conftest.c: In function ‘t’:
conftest.c:5: error: ‘rb_wait_for_single_fd’ undeclared (first use in this function)
conftest.c:5: error: (Each undeclared identifier is reported only once
conftest.c:5: error: for each function it appears in.)
checked program was:
/* begin */
1: #include "ruby.h"
2: 
3: /*top*/
4: int main() {return 0;}
5: int t() { void ((*volatile p)()); p = (void ((*)()))rb_wait_for_single_fd; return 0; }
/* end */

"gcc -o conftest -I/Users/dshorthouse/.rvm/rubies/ruby-1.9.2-p180/include/ruby-1.9.1/x86_64-darwin10.7.1 -I/Users/dshorthouse/.rvm/rubies/ruby-1.9.2-p180/include/ruby-1.9.1/ruby/backward -I/Users/dshorthouse/.rvm/rubies/ruby-1.9.2-p180/include/ruby-1.9.1 -I. -D_XOPEN_SOURCE -D_DARWIN_C_SOURCE   -D_GNU_SOURCE -DPOSIX_C_SOURCE=1-D_POSIX_C_SOURCE=200112L  -O3 -ggdb -Wextra -Wno-unused-parameter -Wno-parentheses -Wpointer-arith -Wwrite-strings -Wno-missing-field-initializers -Wshorten-64-to-32 -Wno-long-long  -fno-common -pipe conftest.c  -L. -L/Users/dshorthouse/.rvm/rubies/ruby-1.9.2-p180/lib -L.      -lruby.1.9.1-static  -lpthread -ldl -lobjc "
Undefined symbols for architecture x86_64:
  "_rb_wait_for_single_fd", referenced from:
      _t in ccbkXJkY.o
ld: symbol(s) not found for architecture x86_64
collect2: ld returned 1 exit status
checked program was:
/* begin */
1: #include "ruby.h"
2: 
3: /*top*/
4: int main() {return 0;}
5: int t() { rb_wait_for_single_fd(); return 0; }
/* end */

--------------------

